0 info it worked if it ends with ok
1 verbose cli [ '/usr/bin/node', '/usr/bin/npm', 'install' ]
2 info using npm@3.5.2
3 info using node@v8.10.0
4 silly loadCurrentTree Starting
5 silly install loadCurrentTree
6 silly install readLocalPackageData
7 silly install normalizeTree
8 silly loadCurrentTree Finishing
9 silly loadIdealTree Starting
10 silly install loadIdealTree
11 silly cloneCurrentTree Starting
12 silly install cloneCurrentTreeToIdealTree
13 silly cloneCurrentTree Finishing
14 silly loadShrinkwrap Starting
15 silly install loadShrinkwrap
16 silly loadShrinkwrap Finishing
17 silly loadAllDepsIntoIdealTree Starting
18 silly install loadAllDepsIntoIdealTree
19 silly fetchNamedPackageData browserlist
20 silly mapToRegistry name browserlist
21 silly mapToRegistry using default registry
22 silly mapToRegistry registry https://registry.npmjs.org/
23 silly mapToRegistry uri https://registry.npmjs.org/browserlist
24 silly fetchNamedPackageData gulp-autoprefixer
25 silly mapToRegistry name gulp-autoprefixer
26 silly mapToRegistry using default registry
27 silly mapToRegistry registry https://registry.npmjs.org/
28 silly mapToRegistry uri https://registry.npmjs.org/gulp-autoprefixer
29 verbose request uri https://registry.npmjs.org/browserlist
30 verbose request no auth needed
31 info attempt registry request try #1 at 22:12:12
32 verbose request id bf986ff5dc950614
33 http request GET https://registry.npmjs.org/browserlist
34 verbose request uri https://registry.npmjs.org/gulp-autoprefixer
35 verbose request no auth needed
36 info attempt registry request try #1 at 22:12:12
37 verbose etag W/"5f54ea332e7f354f016278bd0bece94a"
38 verbose lastModified Fri, 04 Oct 2019 07:52:07 GMT
39 http request GET https://registry.npmjs.org/gulp-autoprefixer
40 http 304 https://registry.npmjs.org/gulp-autoprefixer
41 verbose headers { date: 'Fri, 25 Sep 2020 19:12:12 GMT',
41 verbose headers   connection: 'keep-alive',
41 verbose headers   'set-cookie':
41 verbose headers    [ '__cfduid=d6d4debc519be7b65bd6007366bac8c811601061132; expires=Sun, 25-Oct-20 19:12:12 GMT; path=/; domain=.npmjs.org; HttpOnly; SameSite=Lax' ],
41 verbose headers   'cf-ray': '5d870e2d8c627a64-DME',
41 verbose headers   age: '4417',
41 verbose headers   'cache-control': 'public, max-age=300',
41 verbose headers   etag: '"5f54ea332e7f354f016278bd0bece94a"',
41 verbose headers   'last-modified': 'Fri, 04 Oct 2019 07:52:07 GMT',
41 verbose headers   vary: 'Accept-Encoding',
41 verbose headers   'cf-cache-status': 'HIT',
41 verbose headers   'cf-request-id': '056847307000007a64449ad200000001',
41 verbose headers   'expect-ct': 'max-age=604800, report-uri="https://report-uri.cloudflare.com/cdn-cgi/beacon/expect-ct"',
41 verbose headers   server: 'cloudflare' }
42 silly get cb [ 304,
42 silly get   { date: 'Fri, 25 Sep 2020 19:12:12 GMT',
42 silly get     connection: 'keep-alive',
42 silly get     'set-cookie':
42 silly get      [ '__cfduid=d6d4debc519be7b65bd6007366bac8c811601061132; expires=Sun, 25-Oct-20 19:12:12 GMT; path=/; domain=.npmjs.org; HttpOnly; SameSite=Lax' ],
42 silly get     'cf-ray': '5d870e2d8c627a64-DME',
42 silly get     age: '4417',
42 silly get     'cache-control': 'public, max-age=300',
42 silly get     etag: '"5f54ea332e7f354f016278bd0bece94a"',
42 silly get     'last-modified': 'Fri, 04 Oct 2019 07:52:07 GMT',
42 silly get     vary: 'Accept-Encoding',
42 silly get     'cf-cache-status': 'HIT',
42 silly get     'cf-request-id': '056847307000007a64449ad200000001',
42 silly get     'expect-ct': 'max-age=604800, report-uri="https://report-uri.cloudflare.com/cdn-cgi/beacon/expect-ct"',
42 silly get     server: 'cloudflare' } ]
43 verbose etag https://registry.npmjs.org/gulp-autoprefixer from cache
44 verbose get saving gulp-autoprefixer to /home/irina/.npm/registry.npmjs.org/gulp-autoprefixer/.cache.json
45 silly resolveWithNewModule gulp-autoprefixer@7.0.1 checking installable status
46 silly cache add args [ 'gulp-autoprefixer@^7.0.1', null ]
47 verbose cache add spec gulp-autoprefixer@^7.0.1
48 silly cache add parsed spec Result {
48 silly cache add   raw: 'gulp-autoprefixer@^7.0.1',
48 silly cache add   scope: null,
48 silly cache add   name: 'gulp-autoprefixer',
48 silly cache add   rawSpec: '^7.0.1',
48 silly cache add   spec: '>=7.0.1 <8.0.0',
48 silly cache add   type: 'range' }
49 silly addNamed gulp-autoprefixer@>=7.0.1 <8.0.0
50 verbose addNamed ">=7.0.1 <8.0.0" is a valid semver range for gulp-autoprefixer
51 silly addNameRange { name: 'gulp-autoprefixer',
51 silly addNameRange   range: '>=7.0.1 <8.0.0',
51 silly addNameRange   hasData: false }
52 silly mapToRegistry name gulp-autoprefixer
53 silly mapToRegistry using default registry
54 silly mapToRegistry registry https://registry.npmjs.org/
55 silly mapToRegistry uri https://registry.npmjs.org/gulp-autoprefixer
56 verbose addNameRange registry:https://registry.npmjs.org/gulp-autoprefixer not in flight; fetching
57 verbose get https://registry.npmjs.org/gulp-autoprefixer not expired, no request
58 silly addNameRange number 2 { name: 'gulp-autoprefixer',
58 silly addNameRange   range: '>=7.0.1 <8.0.0',
58 silly addNameRange   hasData: true }
59 silly addNameRange versions [ 'gulp-autoprefixer',
59 silly addNameRange   [ '0.0.1',
59 silly addNameRange     '0.0.2',
59 silly addNameRange     '0.0.3',
59 silly addNameRange     '0.0.4',
59 silly addNameRange     '0.0.5',
59 silly addNameRange     '0.0.6',
59 silly addNameRange     '0.0.7',
59 silly addNameRange     '0.0.8',
59 silly addNameRange     '0.0.9',
59 silly addNameRange     '0.0.10',
59 silly addNameRange     '1.0.0',
59 silly addNameRange     '1.0.1',
59 silly addNameRange     '2.0.0',
59 silly addNameRange     '2.1.0',
59 silly addNameRange     '2.2.0',
59 silly addNameRange     '2.3.0',
59 silly addNameRange     '2.3.1',
59 silly addNameRange     '3.0.0',
59 silly addNameRange     '3.0.1',
59 silly addNameRange     '3.0.2',
59 silly addNameRange     '3.1.0',
59 silly addNameRange     '3.1.1',
59 silly addNameRange     '4.0.0',
59 silly addNameRange     '4.1.0',
59 silly addNameRange     '5.0.0',
59 silly addNameRange     '6.0.0',
59 silly addNameRange     '6.1.0',
59 silly addNameRange     '7.0.0',
59 silly addNameRange     '7.0.1' ] ]
60 silly addNamed gulp-autoprefixer@7.0.1
61 verbose addNamed "7.0.1" is a plain semver version for gulp-autoprefixer
62 silly cache afterAdd gulp-autoprefixer@7.0.1
63 verbose afterAdd /home/irina/.npm/gulp-autoprefixer/7.0.1/package/package.json not in flight; writing
64 verbose afterAdd /home/irina/.npm/gulp-autoprefixer/7.0.1/package/package.json written
65 http 200 https://registry.npmjs.org/browserlist
66 verbose headers { date: 'Fri, 25 Sep 2020 19:12:13 GMT',
66 verbose headers   'content-type': 'application/json',
66 verbose headers   'transfer-encoding': 'chunked',
66 verbose headers   connection: 'keep-alive',
66 verbose headers   'set-cookie':
66 verbose headers    [ '__cfduid=d02091b4a90805df988e90d4485cef4e31601061132; expires=Sun, 25-Oct-20 19:12:12 GMT; path=/; domain=.npmjs.org; HttpOnly; SameSite=Lax' ],
66 verbose headers   'cf-ray': '5d870e2d7d1d7b53-DME',
66 verbose headers   'cache-control': 'public, max-age=300',
66 verbose headers   etag: 'W/"548ef7a0fc1873edb4a0b18d43e324ad"',
66 verbose headers   'last-modified': 'Fri, 02 Nov 2018 02:14:41 GMT',
66 verbose headers   vary: 'accept-encoding, accept',
66 verbose headers   'cf-cache-status': 'EXPIRED',
66 verbose headers   'cf-request-id': '056847306f00007b536a8fd200000001',
66 verbose headers   'expect-ct': 'max-age=604800, report-uri="https://report-uri.cloudflare.com/cdn-cgi/beacon/expect-ct"',
66 verbose headers   server: 'cloudflare',
66 verbose headers   'content-encoding': 'gzip' }
67 silly get cb [ 200,
67 silly get   { date: 'Fri, 25 Sep 2020 19:12:13 GMT',
67 silly get     'content-type': 'application/json',
67 silly get     'transfer-encoding': 'chunked',
67 silly get     connection: 'keep-alive',
67 silly get     'set-cookie':
67 silly get      [ '__cfduid=d02091b4a90805df988e90d4485cef4e31601061132; expires=Sun, 25-Oct-20 19:12:12 GMT; path=/; domain=.npmjs.org; HttpOnly; SameSite=Lax' ],
67 silly get     'cf-ray': '5d870e2d7d1d7b53-DME',
67 silly get     'cache-control': 'public, max-age=300',
67 silly get     etag: 'W/"548ef7a0fc1873edb4a0b18d43e324ad"',
67 silly get     'last-modified': 'Fri, 02 Nov 2018 02:14:41 GMT',
67 silly get     vary: 'accept-encoding, accept',
67 silly get     'cf-cache-status': 'EXPIRED',
67 silly get     'cf-request-id': '056847306f00007b536a8fd200000001',
67 silly get     'expect-ct': 'max-age=604800, report-uri="https://report-uri.cloudflare.com/cdn-cgi/beacon/expect-ct"',
67 silly get     server: 'cloudflare',
67 silly get     'content-encoding': 'gzip' } ]
68 verbose get saving browserlist to /home/irina/.npm/registry.npmjs.org/browserlist/.cache.json
69 silly resolveWithNewModule browserlist@1.0.1 checking installable status
70 silly cache add args [ 'browserlist@^1.0.1', null ]
71 verbose cache add spec browserlist@^1.0.1
72 silly cache add parsed spec Result {
72 silly cache add   raw: 'browserlist@^1.0.1',
72 silly cache add   scope: null,
72 silly cache add   name: 'browserlist',
72 silly cache add   rawSpec: '^1.0.1',
72 silly cache add   spec: '>=1.0.1 <2.0.0',
72 silly cache add   type: 'range' }
73 silly addNamed browserlist@>=1.0.1 <2.0.0
74 verbose addNamed ">=1.0.1 <2.0.0" is a valid semver range for browserlist
75 silly addNameRange { name: 'browserlist', range: '>=1.0.1 <2.0.0', hasData: false }
76 silly mapToRegistry name browserlist
77 silly mapToRegistry using default registry
78 silly mapToRegistry registry https://registry.npmjs.org/
79 silly mapToRegistry uri https://registry.npmjs.org/browserlist
80 verbose addNameRange registry:https://registry.npmjs.org/browserlist not in flight; fetching
81 verbose get https://registry.npmjs.org/browserlist not expired, no request
82 silly addNameRange number 2 { name: 'browserlist', range: '>=1.0.1 <2.0.0', hasData: true }
83 silly addNameRange versions [ 'browserlist', [ '0.0.1-security', '1.0.0', '1.0.1' ] ]
84 silly addNamed browserlist@1.0.1
85 verbose addNamed "1.0.1" is a plain semver version for browserlist
86 silly mapToRegistry name browserlist
87 silly mapToRegistry using default registry
88 silly mapToRegistry registry https://registry.npmjs.org/
89 silly mapToRegistry uri https://registry.npmjs.org/browserlist
90 verbose addRemoteTarball https://registry.npmjs.org/browserlist/-/browserlist-1.0.1.tgz not in flight; adding
91 verbose addRemoteTarball [ 'https://registry.npmjs.org/browserlist/-/browserlist-1.0.1.tgz',
91 verbose addRemoteTarball   '8c52c4fd5ba49c7464b9e0f85d519598b5833ed9' ]
92 info retry fetch attempt 1 at 22:12:13
93 info attempt registry request try #1 at 22:12:13
94 http fetch GET https://registry.npmjs.org/browserlist/-/browserlist-1.0.1.tgz
95 http fetch 200 https://registry.npmjs.org/browserlist/-/browserlist-1.0.1.tgz
96 silly fetchAndShaCheck shasum 8c52c4fd5ba49c7464b9e0f85d519598b5833ed9
97 verbose addTmpTarball /tmp/npm-4854-5ce8b9bf/registry.npmjs.org/browserlist/-/browserlist-1.0.1.tgz not in flight; adding
98 verbose addTmpTarball already have metadata; skipping unpack for browserlist@1.0.1
99 silly cache afterAdd browserlist@1.0.1
100 verbose afterAdd /home/irina/.npm/browserlist/1.0.1/package/package.json not in flight; writing
101 verbose afterAdd /home/irina/.npm/browserlist/1.0.1/package/package.json written
102 silly fetchNamedPackageData fsevents
103 silly mapToRegistry name fsevents
104 silly mapToRegistry using default registry
105 silly mapToRegistry registry https://registry.npmjs.org/
106 silly mapToRegistry uri https://registry.npmjs.org/fsevents
107 verbose request uri https://registry.npmjs.org/fsevents
108 verbose request no auth needed
109 info attempt registry request try #1 at 22:12:13
110 verbose etag W/"9ff14987b4ec19e977697a4c1d741a18"
111 verbose lastModified Wed, 06 May 2020 17:49:14 GMT
112 http request GET https://registry.npmjs.org/fsevents
113 http 304 https://registry.npmjs.org/fsevents
114 verbose headers { date: 'Fri, 25 Sep 2020 19:12:13 GMT',
114 verbose headers   connection: 'keep-alive',
114 verbose headers   'set-cookie':
114 verbose headers    [ '__cfduid=dacba783fd0ea92395f250eae82b62bd71601061133; expires=Sun, 25-Oct-20 19:12:13 GMT; path=/; domain=.npmjs.org; HttpOnly; SameSite=Lax' ],
114 verbose headers   'cf-ray': '5d870e348fb27b53-DME',
114 verbose headers   age: '1625',
114 verbose headers   'cache-control': 'public, max-age=300',
114 verbose headers   etag: '"9ff14987b4ec19e977697a4c1d741a18"',
114 verbose headers   'last-modified': 'Wed, 06 May 2020 17:49:14 GMT',
114 verbose headers   vary: 'Accept-Encoding',
114 verbose headers   'cf-cache-status': 'HIT',
114 verbose headers   'cf-request-id': '05684734d500007b536a917200000001',
114 verbose headers   'expect-ct': 'max-age=604800, report-uri="https://report-uri.cloudflare.com/cdn-cgi/beacon/expect-ct"',
114 verbose headers   server: 'cloudflare' }
115 silly get cb [ 304,
115 silly get   { date: 'Fri, 25 Sep 2020 19:12:13 GMT',
115 silly get     connection: 'keep-alive',
115 silly get     'set-cookie':
115 silly get      [ '__cfduid=dacba783fd0ea92395f250eae82b62bd71601061133; expires=Sun, 25-Oct-20 19:12:13 GMT; path=/; domain=.npmjs.org; HttpOnly; SameSite=Lax' ],
115 silly get     'cf-ray': '5d870e348fb27b53-DME',
115 silly get     age: '1625',
115 silly get     'cache-control': 'public, max-age=300',
115 silly get     etag: '"9ff14987b4ec19e977697a4c1d741a18"',
115 silly get     'last-modified': 'Wed, 06 May 2020 17:49:14 GMT',
115 silly get     vary: 'Accept-Encoding',
115 silly get     'cf-cache-status': 'HIT',
115 silly get     'cf-request-id': '05684734d500007b536a917200000001',
115 silly get     'expect-ct': 'max-age=604800, report-uri="https://report-uri.cloudflare.com/cdn-cgi/beacon/expect-ct"',
115 silly get     server: 'cloudflare' } ]
116 verbose etag https://registry.npmjs.org/fsevents from cache
117 verbose get saving fsevents to /home/irina/.npm/registry.npmjs.org/fsevents/.cache.json
118 silly resolveWithNewModule fsevents@2.1.3 checking installable status
119 silly fetchNamedPackageData chalk
120 silly mapToRegistry name chalk
121 silly mapToRegistry using default registry
122 silly mapToRegistry registry https://registry.npmjs.org/
123 silly mapToRegistry uri https://registry.npmjs.org/chalk
124 verbose request uri https://registry.npmjs.org/chalk
125 verbose request no auth needed
126 info attempt registry request try #1 at 22:12:13
127 verbose etag W/"48f3963a21d23825cc672f59de1be3ec"
128 verbose lastModified Sat, 20 Jun 2020 17:33:35 GMT
129 http request GET https://registry.npmjs.org/chalk
130 http 200 https://registry.npmjs.org/chalk
131 verbose headers { date: 'Fri, 25 Sep 2020 19:12:14 GMT',
131 verbose headers   'content-type': 'application/json',
131 verbose headers   'transfer-encoding': 'chunked',
131 verbose headers   connection: 'keep-alive',
131 verbose headers   'set-cookie':
131 verbose headers    [ '__cfduid=db02d93522f1982b76ff149a7290fbd751601061134; expires=Sun, 25-Oct-20 19:12:14 GMT; path=/; domain=.npmjs.org; HttpOnly; SameSite=Lax' ],
131 verbose headers   'cf-ray': '5d870e377b4a7a64-DME',
131 verbose headers   age: '2315',
131 verbose headers   'cache-control': 'public, max-age=300',
131 verbose headers   etag: 'W/"c95a5a9b4d1d7e11c6071e5cfede49b4"',
131 verbose headers   'last-modified': 'Tue, 22 Sep 2020 09:07:40 GMT',
131 verbose headers   vary: 'accept-encoding, accept',
131 verbose headers   'cf-cache-status': 'HIT',
131 verbose headers   'cf-request-id': '05684736af00007a6444a05200000001',
131 verbose headers   'expect-ct': 'max-age=604800, report-uri="https://report-uri.cloudflare.com/cdn-cgi/beacon/expect-ct"',
131 verbose headers   server: 'cloudflare',
131 verbose headers   'content-encoding': 'gzip' }
132 silly get cb [ 200,
132 silly get   { date: 'Fri, 25 Sep 2020 19:12:14 GMT',
132 silly get     'content-type': 'application/json',
132 silly get     'transfer-encoding': 'chunked',
132 silly get     connection: 'keep-alive',
132 silly get     'set-cookie':
132 silly get      [ '__cfduid=db02d93522f1982b76ff149a7290fbd751601061134; expires=Sun, 25-Oct-20 19:12:14 GMT; path=/; domain=.npmjs.org; HttpOnly; SameSite=Lax' ],
132 silly get     'cf-ray': '5d870e377b4a7a64-DME',
132 silly get     age: '2315',
132 silly get     'cache-control': 'public, max-age=300',
132 silly get     etag: 'W/"c95a5a9b4d1d7e11c6071e5cfede49b4"',
132 silly get     'last-modified': 'Tue, 22 Sep 2020 09:07:40 GMT',
132 silly get     vary: 'accept-encoding, accept',
132 silly get     'cf-cache-status': 'HIT',
132 silly get     'cf-request-id': '05684736af00007a6444a05200000001',
132 silly get     'expect-ct': 'max-age=604800, report-uri="https://report-uri.cloudflare.com/cdn-cgi/beacon/expect-ct"',
132 silly get     server: 'cloudflare',
132 silly get     'content-encoding': 'gzip' } ]
133 verbose get saving chalk to /home/irina/.npm/registry.npmjs.org/chalk/.cache.json
134 silly resolveWithNewModule chalk@2.4.2 checking installable status
135 silly cache add args [ 'chalk@^2.4.1', null ]
136 verbose cache add spec chalk@^2.4.1
137 silly cache add parsed spec Result {
137 silly cache add   raw: 'chalk@^2.4.1',
137 silly cache add   scope: null,
137 silly cache add   name: 'chalk',
137 silly cache add   rawSpec: '^2.4.1',
137 silly cache add   spec: '>=2.4.1 <3.0.0',
137 silly cache add   type: 'range' }
138 silly addNamed chalk@>=2.4.1 <3.0.0
139 verbose addNamed ">=2.4.1 <3.0.0" is a valid semver range for chalk
140 silly addNameRange { name: 'chalk', range: '>=2.4.1 <3.0.0', hasData: false }
141 silly mapToRegistry name chalk
142 silly mapToRegistry using default registry
143 silly mapToRegistry registry https://registry.npmjs.org/
144 silly mapToRegistry uri https://registry.npmjs.org/chalk
145 verbose addNameRange registry:https://registry.npmjs.org/chalk not in flight; fetching
146 verbose get https://registry.npmjs.org/chalk not expired, no request
147 silly addNameRange number 2 { name: 'chalk', range: '>=2.4.1 <3.0.0', hasData: true }
148 silly addNameRange versions [ 'chalk',
148 silly addNameRange   [ '0.1.0',
148 silly addNameRange     '0.1.1',
148 silly addNameRange     '0.2.0',
148 silly addNameRange     '0.2.1',
148 silly addNameRange     '0.3.0',
148 silly addNameRange     '0.4.0',
148 silly addNameRange     '0.5.0',
148 silly addNameRange     '0.5.1',
148 silly addNameRange     '1.0.0',
148 silly addNameRange     '1.1.0',
148 silly addNameRange     '1.1.1',
148 silly addNameRange     '1.1.2',
148 silly addNameRange     '1.1.3',
148 silly addNameRange     '2.0.0',
148 silly addNameRange     '2.0.1',
148 silly addNameRange     '2.1.0',
148 silly addNameRange     '2.2.0',
148 silly addNameRange     '2.2.2',
148 silly addNameRange     '2.3.0',
148 silly addNameRange     '2.3.1',
148 silly addNameRange     '2.3.2',
148 silly addNameRange     '2.4.0',
148 silly addNameRange     '2.4.1',
148 silly addNameRange     '2.4.2',
148 silly addNameRange     '3.0.0-beta.1',
148 silly addNameRange     '3.0.0-beta.2',
148 silly addNameRange     '3.0.0',
148 silly addNameRange     '4.0.0',
148 silly addNameRange     '4.1.0' ] ]
149 silly addNamed chalk@2.4.2
150 verbose addNamed "2.4.2" is a plain semver version for chalk
151 silly cache afterAdd chalk@2.4.2
152 verbose afterAdd /home/irina/.npm/chalk/2.4.2/package/package.json not in flight; writing
153 verbose afterAdd /home/irina/.npm/chalk/2.4.2/package/package.json written
154 silly fetchNamedPackageData ansi-styles
155 silly mapToRegistry name ansi-styles
156 silly mapToRegistry using default registry
157 silly mapToRegistry registry https://registry.npmjs.org/
158 silly mapToRegistry uri https://registry.npmjs.org/ansi-styles
159 silly fetchNamedPackageData supports-color
160 silly mapToRegistry name supports-color
161 silly mapToRegistry using default registry
162 silly mapToRegistry registry https://registry.npmjs.org/
163 silly mapToRegistry uri https://registry.npmjs.org/supports-color
164 verbose request uri https://registry.npmjs.org/ansi-styles
165 verbose request no auth needed
166 info attempt registry request try #1 at 22:12:14
167 verbose etag W/"e0d9337d362cf36a5db373eb10ade925"
168 verbose lastModified Wed, 01 Jan 2020 18:15:22 GMT
169 http request GET https://registry.npmjs.org/ansi-styles
170 verbose request uri https://registry.npmjs.org/supports-color
171 verbose request no auth needed
172 info attempt registry request try #1 at 22:12:14
173 verbose etag W/"5954fb2f51e454f1d1aec68eee2231db"
174 verbose lastModified Fri, 28 Aug 2020 11:17:39 GMT
175 http request GET https://registry.npmjs.org/supports-color
176 http 304 https://registry.npmjs.org/supports-color
177 verbose headers { date: 'Fri, 25 Sep 2020 19:12:14 GMT',
177 verbose headers   connection: 'keep-alive',
177 verbose headers   'set-cookie':
177 verbose headers    [ '__cfduid=db02d93522f1982b76ff149a7290fbd751601061134; expires=Sun, 25-Oct-20 19:12:14 GMT; path=/; domain=.npmjs.org; HttpOnly; SameSite=Lax' ],
177 verbose headers   'cf-ray': '5d870e383c557a64-DME',
177 verbose headers   age: '1955',
177 verbose headers   'cache-control': 'public, max-age=300',
177 verbose headers   etag: '"5954fb2f51e454f1d1aec68eee2231db"',
177 verbose headers   'last-modified': 'Fri, 28 Aug 2020 11:17:39 GMT',
177 verbose headers   vary: 'Accept-Encoding',
177 verbose headers   'cf-cache-status': 'HIT',
177 verbose headers   'cf-request-id': '056847372700007a6444a0c200000001',
177 verbose headers   'expect-ct': 'max-age=604800, report-uri="https://report-uri.cloudflare.com/cdn-cgi/beacon/expect-ct"',
177 verbose headers   server: 'cloudflare' }
178 silly get cb [ 304,
178 silly get   { date: 'Fri, 25 Sep 2020 19:12:14 GMT',
178 silly get     connection: 'keep-alive',
178 silly get     'set-cookie':
178 silly get      [ '__cfduid=db02d93522f1982b76ff149a7290fbd751601061134; expires=Sun, 25-Oct-20 19:12:14 GMT; path=/; domain=.npmjs.org; HttpOnly; SameSite=Lax' ],
178 silly get     'cf-ray': '5d870e383c557a64-DME',
178 silly get     age: '1955',
178 silly get     'cache-control': 'public, max-age=300',
178 silly get     etag: '"5954fb2f51e454f1d1aec68eee2231db"',
178 silly get     'last-modified': 'Fri, 28 Aug 2020 11:17:39 GMT',
178 silly get     vary: 'Accept-Encoding',
178 silly get     'cf-cache-status': 'HIT',
178 silly get     'cf-request-id': '056847372700007a6444a0c200000001',
178 silly get     'expect-ct': 'max-age=604800, report-uri="https://report-uri.cloudflare.com/cdn-cgi/beacon/expect-ct"',
178 silly get     server: 'cloudflare' } ]
179 verbose etag https://registry.npmjs.org/supports-color from cache
180 verbose get saving supports-color to /home/irina/.npm/registry.npmjs.org/supports-color/.cache.json
181 http 304 https://registry.npmjs.org/ansi-styles
182 verbose headers { date: 'Fri, 25 Sep 2020 19:12:14 GMT',
182 verbose headers   connection: 'keep-alive',
182 verbose headers   'set-cookie':
182 verbose headers    [ '__cfduid=da00ae5943a184a69ff14d8a11c80e61b1601061134; expires=Sun, 25-Oct-20 19:12:14 GMT; path=/; domain=.npmjs.org; HttpOnly; SameSite=Lax' ],
182 verbose headers   'cf-ray': '5d870e383cce7b53-DME',
182 verbose headers   age: '1589',
182 verbose headers   'cache-control': 'public, max-age=300',
182 verbose headers   etag: '"e0d9337d362cf36a5db373eb10ade925"',
182 verbose headers   'last-modified': 'Wed, 01 Jan 2020 18:15:22 GMT',
182 verbose headers   vary: 'Accept-Encoding',
182 verbose headers   'cf-cache-status': 'HIT',
182 verbose headers   'cf-request-id': '056847372300007b536a93e200000001',
182 verbose headers   'expect-ct': 'max-age=604800, report-uri="https://report-uri.cloudflare.com/cdn-cgi/beacon/expect-ct"',
182 verbose headers   server: 'cloudflare' }
183 silly get cb [ 304,
183 silly get   { date: 'Fri, 25 Sep 2020 19:12:14 GMT',
183 silly get     connection: 'keep-alive',
183 silly get     'set-cookie':
183 silly get      [ '__cfduid=da00ae5943a184a69ff14d8a11c80e61b1601061134; expires=Sun, 25-Oct-20 19:12:14 GMT; path=/; domain=.npmjs.org; HttpOnly; SameSite=Lax' ],
183 silly get     'cf-ray': '5d870e383cce7b53-DME',
183 silly get     age: '1589',
183 silly get     'cache-control': 'public, max-age=300',
183 silly get     etag: '"e0d9337d362cf36a5db373eb10ade925"',
183 silly get     'last-modified': 'Wed, 01 Jan 2020 18:15:22 GMT',
183 silly get     vary: 'Accept-Encoding',
183 silly get     'cf-cache-status': 'HIT',
183 silly get     'cf-request-id': '056847372300007b536a93e200000001',
183 silly get     'expect-ct': 'max-age=604800, report-uri="https://report-uri.cloudflare.com/cdn-cgi/beacon/expect-ct"',
183 silly get     server: 'cloudflare' } ]
184 verbose etag https://registry.npmjs.org/ansi-styles from cache
185 verbose get saving ansi-styles to /home/irina/.npm/registry.npmjs.org/ansi-styles/.cache.json
186 silly resolveWithNewModule supports-color@5.5.0 checking installable status
187 silly cache add args [ 'supports-color@^5.3.0', null ]
188 verbose cache add spec supports-color@^5.3.0
189 silly cache add parsed spec Result {
189 silly cache add   raw: 'supports-color@^5.3.0',
189 silly cache add   scope: null,
189 silly cache add   name: 'supports-color',
189 silly cache add   rawSpec: '^5.3.0',
189 silly cache add   spec: '>=5.3.0 <6.0.0',
189 silly cache add   type: 'range' }
190 silly addNamed supports-color@>=5.3.0 <6.0.0
191 verbose addNamed ">=5.3.0 <6.0.0" is a valid semver range for supports-color
192 silly addNameRange { name: 'supports-color',
192 silly addNameRange   range: '>=5.3.0 <6.0.0',
192 silly addNameRange   hasData: false }
193 silly mapToRegistry name supports-color
194 silly mapToRegistry using default registry
195 silly mapToRegistry registry https://registry.npmjs.org/
196 silly mapToRegistry uri https://registry.npmjs.org/supports-color
197 verbose addNameRange registry:https://registry.npmjs.org/supports-color not in flight; fetching
198 silly resolveWithNewModule ansi-styles@3.2.1 checking installable status
199 silly cache add args [ 'ansi-styles@^3.2.1', null ]
200 verbose cache add spec ansi-styles@^3.2.1
201 silly cache add parsed spec Result {
201 silly cache add   raw: 'ansi-styles@^3.2.1',
201 silly cache add   scope: null,
201 silly cache add   name: 'ansi-styles',
201 silly cache add   rawSpec: '^3.2.1',
201 silly cache add   spec: '>=3.2.1 <4.0.0',
201 silly cache add   type: 'range' }
202 silly addNamed ansi-styles@>=3.2.1 <4.0.0
203 verbose addNamed ">=3.2.1 <4.0.0" is a valid semver range for ansi-styles
204 silly addNameRange { name: 'ansi-styles', range: '>=3.2.1 <4.0.0', hasData: false }
205 silly mapToRegistry name ansi-styles
206 silly mapToRegistry using default registry
207 silly mapToRegistry registry https://registry.npmjs.org/
208 silly mapToRegistry uri https://registry.npmjs.org/ansi-styles
209 verbose addNameRange registry:https://registry.npmjs.org/ansi-styles not in flight; fetching
210 verbose get https://registry.npmjs.org/supports-color not expired, no request
211 silly addNameRange number 2 { name: 'supports-color',
211 silly addNameRange   range: '>=5.3.0 <6.0.0',
211 silly addNameRange   hasData: true }
212 silly addNameRange versions [ 'supports-color',
212 silly addNameRange   [ '0.2.0',
212 silly addNameRange     '1.0.0',
212 silly addNameRange     '1.1.0',
212 silly addNameRange     '1.2.0',
212 silly addNameRange     '1.2.1',
212 silly addNameRange     '1.3.0',
212 silly addNameRange     '1.3.1',
212 silly addNameRange     '2.0.0',
212 silly addNameRange     '3.0.0',
212 silly addNameRange     '3.0.1',
212 silly addNameRange     '3.1.0',
212 silly addNameRange     '3.1.1',
212 silly addNameRange     '3.1.2',
212 silly addNameRange     '3.2.0',
212 silly addNameRange     '3.2.1',
212 silly addNameRange     '3.2.2',
212 silly addNameRange     '3.2.3',
212 silly addNameRange     '4.0.0',
212 silly addNameRange     '4.1.0',
212 silly addNameRange     '4.2.0',
212 silly addNameRange     '4.2.1',
212 silly addNameRange     '4.3.0',
212 silly addNameRange     '4.4.0',
212 silly addNameRange     '4.5.0',
212 silly addNameRange     '5.0.0',
212 silly addNameRange     '5.0.1',
212 silly addNameRange     '5.1.0',
212 silly addNameRange     '5.2.0',
212 silly addNameRange     '5.3.0',
212 silly addNameRange     '5.4.0',
212 silly addNameRange     '5.5.0',
212 silly addNameRange     '6.0.0',
212 silly addNameRange     '6.1.0',
212 silly addNameRange     '7.0.0',
212 silly addNameRange     '7.1.0',
212 silly addNameRange     '7.2.0' ] ]
213 silly addNamed supports-color@5.5.0
214 verbose addNamed "5.5.0" is a plain semver version for supports-color
215 verbose get https://registry.npmjs.org/ansi-styles not expired, no request
216 silly addNameRange number 2 { name: 'ansi-styles', range: '>=3.2.1 <4.0.0', hasData: true }
217 silly addNameRange versions [ 'ansi-styles',
217 silly addNameRange   [ '0.1.0',
217 silly addNameRange     '0.1.1',
217 silly addNameRange     '0.1.2',
217 silly addNameRange     '0.2.0',
217 silly addNameRange     '1.0.0',
217 silly addNameRange     '1.1.0',
217 silly addNameRange     '2.0.0',
217 silly addNameRange     '2.0.1',
217 silly addNameRange     '2.1.0',
217 silly addNameRange     '2.2.1',
217 silly addNameRange     '3.0.0',
217 silly addNameRange     '3.1.0',
217 silly addNameRange     '3.2.0',
217 silly addNameRange     '3.2.1',
217 silly addNameRange     '4.0.0',
217 silly addNameRange     '4.1.0',
217 silly addNameRange     '4.2.0',
217 silly addNameRange     '4.2.1' ] ]
218 silly addNamed ansi-styles@3.2.1
219 verbose addNamed "3.2.1" is a plain semver version for ansi-styles
220 silly cache afterAdd supports-color@5.5.0
221 verbose afterAdd /home/irina/.npm/supports-color/5.5.0/package/package.json not in flight; writing
222 verbose afterAdd /home/irina/.npm/supports-color/5.5.0/package/package.json written
223 silly cache afterAdd ansi-styles@3.2.1
224 verbose afterAdd /home/irina/.npm/ansi-styles/3.2.1/package/package.json not in flight; writing
225 verbose afterAdd /home/irina/.npm/ansi-styles/3.2.1/package/package.json written
226 silly fetchNamedPackageData fsevents
227 silly mapToRegistry name fsevents
228 silly mapToRegistry using default registry
229 silly mapToRegistry registry https://registry.npmjs.org/
230 silly mapToRegistry uri https://registry.npmjs.org/fsevents
231 silly resolveWithNewModule fsevents@1.2.13 checking installable status
232 silly fetchNamedPackageData autoprefixer
233 silly mapToRegistry name autoprefixer
234 silly mapToRegistry using default registry
235 silly mapToRegistry registry https://registry.npmjs.org/
236 silly mapToRegistry uri https://registry.npmjs.org/autoprefixer
237 silly fetchNamedPackageData postcss
238 silly mapToRegistry name postcss
239 silly mapToRegistry using default registry
240 silly mapToRegistry registry https://registry.npmjs.org/
241 silly mapToRegistry uri https://registry.npmjs.org/postcss
242 silly fetchNamedPackageData through2
243 silly mapToRegistry name through2
244 silly mapToRegistry using default registry
245 silly mapToRegistry registry https://registry.npmjs.org/
246 silly mapToRegistry uri https://registry.npmjs.org/through2
247 verbose request uri https://registry.npmjs.org/autoprefixer
248 verbose request no auth needed
249 info attempt registry request try #1 at 22:12:15
250 verbose etag W/"e7b8425bb58d19c8ee30aa754dc81310"
251 verbose lastModified Thu, 30 Jul 2020 20:22:10 GMT
252 http request GET https://registry.npmjs.org/autoprefixer
253 verbose request uri https://registry.npmjs.org/postcss
254 verbose request no auth needed
255 info attempt registry request try #1 at 22:12:15
256 verbose etag W/"b39a02883cb201f4619dd67de927e6c2"
257 verbose lastModified Tue, 02 Jun 2020 12:50:24 GMT
258 http request GET https://registry.npmjs.org/postcss
259 verbose request uri https://registry.npmjs.org/through2
260 verbose request no auth needed
261 info attempt registry request try #1 at 22:12:15
262 verbose etag W/"133f61756fcd0fc01f74417bdb202b59"
263 verbose lastModified Tue, 30 Jun 2020 01:24:59 GMT
264 http request GET https://registry.npmjs.org/through2
265 http 200 https://registry.npmjs.org/autoprefixer
266 verbose headers { date: 'Fri, 25 Sep 2020 19:12:15 GMT',
266 verbose headers   'content-type': 'application/json',
266 verbose headers   'transfer-encoding': 'chunked',
266 verbose headers   connection: 'keep-alive',
266 verbose headers   'set-cookie':
266 verbose headers    [ '__cfduid=d9108576d0ba51f5bd907bff7c1d08d4a1601061135; expires=Sun, 25-Oct-20 19:12:15 GMT; path=/; domain=.npmjs.org; HttpOnly; SameSite=Lax' ],
266 verbose headers   'cf-ray': '5d870e423aa27a64-DME',
266 verbose headers   age: '820',
266 verbose headers   'cache-control': 'public, max-age=300',
266 verbose headers   etag: 'W/"38830c9e3fcfe9f1f1fb7ecab87adba1"',
266 verbose headers   'last-modified': 'Tue, 15 Sep 2020 18:57:00 GMT',
266 verbose headers   vary: 'accept-encoding, accept',
266 verbose headers   'cf-cache-status': 'HIT',
266 verbose headers   'cf-request-id': '0568473d6200007a6444a47200000001',
266 verbose headers   'expect-ct': 'max-age=604800, report-uri="https://report-uri.cloudflare.com/cdn-cgi/beacon/expect-ct"',
266 verbose headers   server: 'cloudflare',
266 verbose headers   'content-encoding': 'gzip' }
267 silly get cb [ 200,
267 silly get   { date: 'Fri, 25 Sep 2020 19:12:15 GMT',
267 silly get     'content-type': 'application/json',
267 silly get     'transfer-encoding': 'chunked',
267 silly get     connection: 'keep-alive',
267 silly get     'set-cookie':
267 silly get      [ '__cfduid=d9108576d0ba51f5bd907bff7c1d08d4a1601061135; expires=Sun, 25-Oct-20 19:12:15 GMT; path=/; domain=.npmjs.org; HttpOnly; SameSite=Lax' ],
267 silly get     'cf-ray': '5d870e423aa27a64-DME',
267 silly get     age: '820',
267 silly get     'cache-control': 'public, max-age=300',
267 silly get     etag: 'W/"38830c9e3fcfe9f1f1fb7ecab87adba1"',
267 silly get     'last-modified': 'Tue, 15 Sep 2020 18:57:00 GMT',
267 silly get     vary: 'accept-encoding, accept',
267 silly get     'cf-cache-status': 'HIT',
267 silly get     'cf-request-id': '0568473d6200007a6444a47200000001',
267 silly get     'expect-ct': 'max-age=604800, report-uri="https://report-uri.cloudflare.com/cdn-cgi/beacon/expect-ct"',
267 silly get     server: 'cloudflare',
267 silly get     'content-encoding': 'gzip' } ]
268 verbose get saving autoprefixer to /home/irina/.npm/registry.npmjs.org/autoprefixer/.cache.json
269 http 304 https://registry.npmjs.org/through2
270 verbose headers { date: 'Fri, 25 Sep 2020 19:12:15 GMT',
270 verbose headers   connection: 'keep-alive',
270 verbose headers   'set-cookie':
270 verbose headers    [ '__cfduid=da3bc0697fbb00a02f46ec7e223fc90201601061135; expires=Sun, 25-Oct-20 19:12:15 GMT; path=/; domain=.npmjs.org; HttpOnly; SameSite=Lax' ],
270 verbose headers   'cf-ray': '5d870e429f3a4979-DME',
270 verbose headers   age: '2183',
270 verbose headers   'cache-control': 'public, max-age=300',
270 verbose headers   etag: '"133f61756fcd0fc01f74417bdb202b59"',
270 verbose headers   'last-modified': 'Tue, 30 Jun 2020 01:24:59 GMT',
270 verbose headers   vary: 'Accept-Encoding',
270 verbose headers   'cf-cache-status': 'HIT',
270 verbose headers   'cf-request-id': '0568473d9a0000497910888200000001',
270 verbose headers   'expect-ct': 'max-age=604800, report-uri="https://report-uri.cloudflare.com/cdn-cgi/beacon/expect-ct"',
270 verbose headers   server: 'cloudflare' }
271 silly get cb [ 304,
271 silly get   { date: 'Fri, 25 Sep 2020 19:12:15 GMT',
271 silly get     connection: 'keep-alive',
271 silly get     'set-cookie':
271 silly get      [ '__cfduid=da3bc0697fbb00a02f46ec7e223fc90201601061135; expires=Sun, 25-Oct-20 19:12:15 GMT; path=/; domain=.npmjs.org; HttpOnly; SameSite=Lax' ],
271 silly get     'cf-ray': '5d870e429f3a4979-DME',
271 silly get     age: '2183',
271 silly get     'cache-control': 'public, max-age=300',
271 silly get     etag: '"133f61756fcd0fc01f74417bdb202b59"',
271 silly get     'last-modified': 'Tue, 30 Jun 2020 01:24:59 GMT',
271 silly get     vary: 'Accept-Encoding',
271 silly get     'cf-cache-status': 'HIT',
271 silly get     'cf-request-id': '0568473d9a0000497910888200000001',
271 silly get     'expect-ct': 'max-age=604800, report-uri="https://report-uri.cloudflare.com/cdn-cgi/beacon/expect-ct"',
271 silly get     server: 'cloudflare' } ]
272 verbose etag https://registry.npmjs.org/through2 from cache
273 verbose get saving through2 to /home/irina/.npm/registry.npmjs.org/through2/.cache.json
274 silly resolveWithNewModule through2@3.0.2 checking installable status
275 silly cache add args [ 'through2@^3.0.1', null ]
276 verbose cache add spec through2@^3.0.1
277 silly cache add parsed spec Result {
277 silly cache add   raw: 'through2@^3.0.1',
277 silly cache add   scope: null,
277 silly cache add   name: 'through2',
277 silly cache add   rawSpec: '^3.0.1',
277 silly cache add   spec: '>=3.0.1 <4.0.0',
277 silly cache add   type: 'range' }
278 silly addNamed through2@>=3.0.1 <4.0.0
279 verbose addNamed ">=3.0.1 <4.0.0" is a valid semver range for through2
280 silly addNameRange { name: 'through2', range: '>=3.0.1 <4.0.0', hasData: false }
281 silly mapToRegistry name through2
282 silly mapToRegistry using default registry
283 silly mapToRegistry registry https://registry.npmjs.org/
284 silly mapToRegistry uri https://registry.npmjs.org/through2
285 verbose addNameRange registry:https://registry.npmjs.org/through2 not in flight; fetching
286 silly resolveWithNewModule autoprefixer@9.8.6 checking installable status
287 silly cache add args [ 'autoprefixer@^9.6.1', null ]
288 verbose cache add spec autoprefixer@^9.6.1
289 silly cache add parsed spec Result {
289 silly cache add   raw: 'autoprefixer@^9.6.1',
289 silly cache add   scope: null,
289 silly cache add   name: 'autoprefixer',
289 silly cache add   rawSpec: '^9.6.1',
289 silly cache add   spec: '>=9.6.1 <10.0.0',
289 silly cache add   type: 'range' }
290 silly addNamed autoprefixer@>=9.6.1 <10.0.0
291 verbose addNamed ">=9.6.1 <10.0.0" is a valid semver range for autoprefixer
292 silly addNameRange { name: 'autoprefixer',
292 silly addNameRange   range: '>=9.6.1 <10.0.0',
292 silly addNameRange   hasData: false }
293 silly mapToRegistry name autoprefixer
294 silly mapToRegistry using default registry
295 silly mapToRegistry registry https://registry.npmjs.org/
296 silly mapToRegistry uri https://registry.npmjs.org/autoprefixer
297 verbose addNameRange registry:https://registry.npmjs.org/autoprefixer not in flight; fetching
298 verbose get https://registry.npmjs.org/through2 not expired, no request
299 silly addNameRange number 2 { name: 'through2', range: '>=3.0.1 <4.0.0', hasData: true }
300 silly addNameRange versions [ 'through2',
300 silly addNameRange   [ '0.0.0',
300 silly addNameRange     '0.0.1',
300 silly addNameRange     '0.0.2',
300 silly addNameRange     '0.0.3',
300 silly addNameRange     '0.0.4',
300 silly addNameRange     '0.0.5',
300 silly addNameRange     '0.1.0',
300 silly addNameRange     '0.2.0',
300 silly addNameRange     '0.2.1',
300 silly addNameRange     '0.2.2',
300 silly addNameRange     '0.2.3',
300 silly addNameRange     '0.3.0',
300 silly addNameRange     '0.4.0',
300 silly addNameRange     '0.4.1',
300 silly addNameRange     '1.0.0',
300 silly addNameRange     '0.4.2',
300 silly addNameRange     '0.5.0',
300 silly addNameRange     '0.5.1',
300 silly addNameRange     '0.6.0',
300 silly addNameRange     '1.1.0',
300 silly addNameRange     '0.6.1',
300 silly addNameRange     '1.1.1',
300 silly addNameRange     '0.6.2',
300 silly addNameRange     '0.6.3',
300 silly addNameRange     '0.6.4',
300 silly addNameRange     '0.6.5',
300 silly addNameRange     '2.0.0',
300 silly addNameRange     '2.0.1',
300 silly addNameRange     '2.0.2',
300 silly addNameRange     '2.0.3',
300 silly addNameRange     '2.0.4',
300 silly addNameRange     '2.0.5',
300 silly addNameRange     '3.0.0',
300 silly addNameRange     '3.0.1',
300 silly addNameRange     '3.0.2',
300 silly addNameRange     '4.0.0',
300 silly addNameRange     '4.0.1',
300 silly addNameRange     '4.0.2' ] ]
301 silly addNamed through2@3.0.2
302 verbose addNamed "3.0.2" is a plain semver version for through2
303 verbose get https://registry.npmjs.org/autoprefixer not expired, no request
304 silly addNameRange number 2 { name: 'autoprefixer', range: '>=9.6.1 <10.0.0', hasData: true }
305 silly addNameRange versions [ 'autoprefixer',
305 silly addNameRange   [ '0.1.20130409',
305 silly addNameRange     '0.2.20130413',
305 silly addNameRange     '0.3.20130423',
305 silly addNameRange     '0.3.20130424',
305 silly addNameRange     '0.3.20130427',
305 silly addNameRange     '0.3.20130502',
305 silly addNameRange     '0.4.20130507',
305 silly addNameRange     '0.4.20130515',
305 silly addNameRange     '0.4.20130521',
305 silly addNameRange     '0.4.20130524',
305 silly addNameRange     '0.4.20130528',
305 silly addNameRange     '0.4.20130530',
305 silly addNameRange     '0.4.20130603',
305 silly addNameRange     '0.5.20130615',
305 silly addNameRange     '0.5.20130616',
305 silly addNameRange     '0.5.20130617',
305 silly addNameRange     '0.5.20130625',
305 silly addNameRange     '0.5.20130626',
305 silly addNameRange     '0.5.20130629',
305 silly addNameRange     '0.6.20130716',
305 silly addNameRange     '0.6.20130721',
305 silly addNameRange     '0.6.20130728',
305 silly addNameRange     '0.6.20130729',
305 silly addNameRange     '0.6.20130730',
305 silly addNameRange     '0.6.20130731',
305 silly addNameRange     '0.7.20130805',
305 silly addNameRange     '0.7.20130806',
305 silly addNameRange     '0.7.20130807',
305 silly addNameRange     '0.7.20130808',
305 silly addNameRange     '0.7.20130810',
305 silly addNameRange     '0.7.20130824',
305 silly addNameRange     '0.8.20130902',
305 silly addNameRange     '0.8.20130903',
305 silly addNameRange     '0.8.20130906',
305 silly addNameRange     '0.8.20130911',
305 silly addNameRange     '0.8.20130919',
305 silly addNameRange     '0.8.20130923',
305 silly addNameRange     '0.8.20131001',
305 silly addNameRange     '0.8.20131006',
305 silly addNameRange     '0.8.20131007',
305 silly addNameRange     '0.8.20131009',
305 silly addNameRange     '0.8.20131015',
305 silly addNameRange     '0.8.20131017',
305 silly addNameRange     '0.8.20131020',
305 silly addNameRange     '0.8.20131029',
305 silly addNameRange     '0.8.20131104',
305 silly addNameRange     '0.8.20131209',
305 silly addNameRange     '0.8.20131213',
305 silly addNameRange     '1.0.20131222',
305 silly addNameRange     '1.0.20140103',
305 silly addNameRange     '1.0.20140109',
305 silly addNameRange     '1.0.20140110',
305 silly addNameRange     '1.0.20140117',
305 silly addNameRange     '1.0.20140130',
305 silly addNameRange     '1.0.20140203',
305 silly addNameRange     '1.0.20140213',
305 silly addNameRange     '1.1.20140218',
305 silly addNameRange     '1.1.20140222',
305 silly addNameRange     '1.1.20140226',
305 silly addNameRange     '1.1.20140302',
305 silly addNameRange     '1.1.20140319',
305 silly addNameRange     '1.1.20140327',
305 silly addNameRange     '1.1.20140403',
305 silly addNameRange     '1.1.20140410',
305 silly addNameRange     '1.1.20140429',
305 silly addNameRange     '1.1.20140430',
305 silly addNameRange     '1.1.20140510',
305 silly addNameRange     '1.1.20140512',
305 silly addNameRange     '1.1.20140521',
305 silly addNameRange     '1.1.20140523',
305 silly addNameRange     '1.1.20140605',
305 silly addNameRange     '1.2.0',
305 silly addNameRange     '1.3.0',
305 silly addNameRange     '1.3.1',
305 silly addNameRange     '2.0.0',
305 silly addNameRange     '2.0.1',
305 silly addNameRange     '2.0.2',
305 silly addNameRange     '2.1.0',
305 silly addNameRange     '2.1.1',
305 silly addNameRange     '2.2.0',
305 silly addNameRange     '3.0.0',
305 silly addNameRange     '3.1.0',
305 silly addNameRange     '4.0.0',
305 silly addNameRange     '5.0.0',
305 silly addNameRange     '5.1.0',
305 silly addNameRange     '5.1.1',
305 silly addNameRange     '5.2.0',
305 silly addNameRange     '6.0.0',
305 silly addNameRange     '6.0.1',
305 silly addNameRange     '6.0.2',
305 silly addNameRange     '6.0.3',
305 silly addNameRange     '6.1.0',
305 silly addNameRange     '6.1.1',
305 silly addNameRange     '6.1.2',
305 silly addNameRange     '6.2.0',
305 silly addNameRange     '6.2.1',
305 silly addNameRange     '6.2.2',
305 silly addNameRange     '6.2.3',
305 silly addNameRange     '6.3.0',
305 silly addNameRange     '6.3.1',
305 silly addNameRange     ... 101 more items ] ]
306 silly addNamed autoprefixer@9.8.6
307 verbose addNamed "9.8.6" is a plain semver version for autoprefixer
308 silly mapToRegistry name through2
309 silly mapToRegistry using default registry
310 silly mapToRegistry registry https://registry.npmjs.org/
311 silly mapToRegistry uri https://registry.npmjs.org/through2
312 verbose addRemoteTarball https://registry.npmjs.org/through2/-/through2-3.0.2.tgz not in flight; adding
313 verbose addRemoteTarball [ 'https://registry.npmjs.org/through2/-/through2-3.0.2.tgz',
313 verbose addRemoteTarball   '99f88931cfc761ec7678b41d5d7336b5b6a07bf4' ]
314 info retry fetch attempt 1 at 22:12:15
315 info attempt registry request try #1 at 22:12:15
316 http fetch GET https://registry.npmjs.org/through2/-/through2-3.0.2.tgz
317 http 200 https://registry.npmjs.org/postcss
318 verbose headers { date: 'Fri, 25 Sep 2020 19:12:15 GMT',
318 verbose headers   'content-type': 'application/json',
318 verbose headers   'transfer-encoding': 'chunked',
318 verbose headers   connection: 'keep-alive',
318 verbose headers   'set-cookie':
318 verbose headers    [ '__cfduid=d0e85ac4d2c3328854a2e7b771d03a7871601061135; expires=Sun, 25-Oct-20 19:12:15 GMT; path=/; domain=.npmjs.org; HttpOnly; SameSite=Lax' ],
318 verbose headers   'cf-ray': '5d870e425a857b53-DME',
318 verbose headers   age: '565',
318 verbose headers   'cache-control': 'public, max-age=300',
318 verbose headers   etag: 'W/"43b1b55410bef0e625d52920f001322d"',
318 verbose headers   'last-modified': 'Wed, 23 Sep 2020 17:04:41 GMT',
318 verbose headers   vary: 'accept-encoding, accept',
318 verbose headers   'cf-cache-status': 'HIT',
318 verbose headers   'cf-request-id': '0568473d7200007b536a973200000001',
318 verbose headers   'expect-ct': 'max-age=604800, report-uri="https://report-uri.cloudflare.com/cdn-cgi/beacon/expect-ct"',
318 verbose headers   server: 'cloudflare',
318 verbose headers   'content-encoding': 'gzip' }
319 silly get cb [ 200,
319 silly get   { date: 'Fri, 25 Sep 2020 19:12:15 GMT',
319 silly get     'content-type': 'application/json',
319 silly get     'transfer-encoding': 'chunked',
319 silly get     connection: 'keep-alive',
319 silly get     'set-cookie':
319 silly get      [ '__cfduid=d0e85ac4d2c3328854a2e7b771d03a7871601061135; expires=Sun, 25-Oct-20 19:12:15 GMT; path=/; domain=.npmjs.org; HttpOnly; SameSite=Lax' ],
319 silly get     'cf-ray': '5d870e425a857b53-DME',
319 silly get     age: '565',
319 silly get     'cache-control': 'public, max-age=300',
319 silly get     etag: 'W/"43b1b55410bef0e625d52920f001322d"',
319 silly get     'last-modified': 'Wed, 23 Sep 2020 17:04:41 GMT',
319 silly get     vary: 'accept-encoding, accept',
319 silly get     'cf-cache-status': 'HIT',
319 silly get     'cf-request-id': '0568473d7200007b536a973200000001',
319 silly get     'expect-ct': 'max-age=604800, report-uri="https://report-uri.cloudflare.com/cdn-cgi/beacon/expect-ct"',
319 silly get     server: 'cloudflare',
319 silly get     'content-encoding': 'gzip' } ]
320 verbose get saving postcss to /home/irina/.npm/registry.npmjs.org/postcss/.cache.json
321 silly cache afterAdd autoprefixer@9.8.6
322 verbose afterAdd /home/irina/.npm/autoprefixer/9.8.6/package/package.json not in flight; writing
323 silly resolveWithNewModule postcss@7.0.34 checking installable status
324 silly cache add args [ 'postcss@^7.0.17', null ]
325 verbose cache add spec postcss@^7.0.17
326 silly cache add parsed spec Result {
326 silly cache add   raw: 'postcss@^7.0.17',
326 silly cache add   scope: null,
326 silly cache add   name: 'postcss',
326 silly cache add   rawSpec: '^7.0.17',
326 silly cache add   spec: '>=7.0.17 <8.0.0',
326 silly cache add   type: 'range' }
327 silly addNamed postcss@>=7.0.17 <8.0.0
328 verbose addNamed ">=7.0.17 <8.0.0" is a valid semver range for postcss
329 silly addNameRange { name: 'postcss', range: '>=7.0.17 <8.0.0', hasData: false }
330 silly mapToRegistry name postcss
331 silly mapToRegistry using default registry
332 silly mapToRegistry registry https://registry.npmjs.org/
333 silly mapToRegistry uri https://registry.npmjs.org/postcss
334 verbose addNameRange registry:https://registry.npmjs.org/postcss not in flight; fetching
335 verbose afterAdd /home/irina/.npm/autoprefixer/9.8.6/package/package.json written
336 verbose get https://registry.npmjs.org/postcss not expired, no request
337 silly addNameRange number 2 { name: 'postcss', range: '>=7.0.17 <8.0.0', hasData: true }
338 silly addNameRange versions [ 'postcss',
338 silly addNameRange   [ '0.1.0',
338 silly addNameRange     '0.2.0',
338 silly addNameRange     '0.3.0',
338 silly addNameRange     '0.3.1',
338 silly addNameRange     '0.3.2',
338 silly addNameRange     '0.3.3',
338 silly addNameRange     '0.3.4',
338 silly addNameRange     '0.3.5',
338 silly addNameRange     '1.0.0',
338 silly addNameRange     '2.0.0',
338 silly addNameRange     '2.1.0',
338 silly addNameRange     '2.1.1',
338 silly addNameRange     '2.1.2',
338 silly addNameRange     '2.2.0',
338 silly addNameRange     '2.2.1',
338 silly addNameRange     '2.2.2',
338 silly addNameRange     '2.2.3',
338 silly addNameRange     '2.2.4',
338 silly addNameRange     '2.2.5',
338 silly addNameRange     '2.2.6',
338 silly addNameRange     '3.0.0',
338 silly addNameRange     '3.0.1',
338 silly addNameRange     '3.0.2',
338 silly addNameRange     '3.0.3',
338 silly addNameRange     '3.0.4',
338 silly addNameRange     '3.0.5',
338 silly addNameRange     '3.0.6',
338 silly addNameRange     '3.0.7',
338 silly addNameRange     '4.0.0',
338 silly addNameRange     '4.0.1',
338 silly addNameRange     '4.0.2',
338 silly addNameRange     '4.0.3',
338 silly addNameRange     '4.0.4',
338 silly addNameRange     '4.0.5',
338 silly addNameRange     '4.0.6',
338 silly addNameRange     '4.1.0',
338 silly addNameRange     '4.1.1',
338 silly addNameRange     '4.1.2',
338 silly addNameRange     '4.1.3',
338 silly addNameRange     '4.1.4',
338 silly addNameRange     '4.1.5',
338 silly addNameRange     '4.1.6',
338 silly addNameRange     '4.1.7',
338 silly addNameRange     '4.1.8',
338 silly addNameRange     '4.1.9',
338 silly addNameRange     '4.1.10',
338 silly addNameRange     '4.1.11',
338 silly addNameRange     '4.1.12',
338 silly addNameRange     '4.1.13',
338 silly addNameRange     '4.1.14',
338 silly addNameRange     '4.1.15',
338 silly addNameRange     '4.1.16',
338 silly addNameRange     '5.0.0',
338 silly addNameRange     '5.0.1',
338 silly addNameRange     '5.0.2',
338 silly addNameRange     '5.0.3',
338 silly addNameRange     '5.0.4',
338 silly addNameRange     '5.0.5',
338 silly addNameRange     '5.0.6',
338 silly addNameRange     '5.0.7',
338 silly addNameRange     '5.0.8',
338 silly addNameRange     '5.0.9',
338 silly addNameRange     '5.0.10',
338 silly addNameRange     '5.0.11',
338 silly addNameRange     '5.0.12',
338 silly addNameRange     '5.0.13',
338 silly addNameRange     '5.0.14',
338 silly addNameRange     '5.0.15',
338 silly addNameRange     '5.0.16',
338 silly addNameRange     '5.0.17',
338 silly addNameRange     '5.0.18',
338 silly addNameRange     '5.0.19',
338 silly addNameRange     '5.0.20',
338 silly addNameRange     '5.0.21',
338 silly addNameRange     '5.1.0',
338 silly addNameRange     '5.1.1',
338 silly addNameRange     '5.1.2',
338 silly addNameRange     '5.2.0',
338 silly addNameRange     '5.2.1',
338 silly addNameRange     '5.2.2',
338 silly addNameRange     '5.2.3',
338 silly addNameRange     '5.2.4',
338 silly addNameRange     '5.2.5',
338 silly addNameRange     '5.2.6',
338 silly addNameRange     '5.2.7',
338 silly addNameRange     '5.2.8',
338 silly addNameRange     '5.2.9',
338 silly addNameRange     '5.2.10',
338 silly addNameRange     '5.2.11',
338 silly addNameRange     '5.2.12',
338 silly addNameRange     '5.2.13',
338 silly addNameRange     '5.2.14',
338 silly addNameRange     '5.2.15',
338 silly addNameRange     '5.2.16',
338 silly addNameRange     '5.2.17',
338 silly addNameRange     '6.0.0',
338 silly addNameRange     '6.0.1',
338 silly addNameRange     '6.0.2',
338 silly addNameRange     '6.0.3',
338 silly addNameRange     '6.0.4',
338 silly addNameRange     ... 65 more items ] ]
339 silly addNamed postcss@7.0.34
340 verbose addNamed "7.0.34" is a plain semver version for postcss
341 silly mapToRegistry name postcss
342 silly mapToRegistry using default registry
343 silly mapToRegistry registry https://registry.npmjs.org/
344 silly mapToRegistry uri https://registry.npmjs.org/postcss
345 verbose addRemoteTarball https://registry.npmjs.org/postcss/-/postcss-7.0.34.tgz not in flight; adding
346 verbose addRemoteTarball [ 'https://registry.npmjs.org/postcss/-/postcss-7.0.34.tgz',
346 verbose addRemoteTarball   'f2baf57c36010df7de4009940f21532c16d65c20' ]
347 http fetch 200 https://registry.npmjs.org/through2/-/through2-3.0.2.tgz
348 info retry fetch attempt 1 at 22:12:16
349 info attempt registry request try #1 at 22:12:16
350 http fetch GET https://registry.npmjs.org/postcss/-/postcss-7.0.34.tgz
351 silly fetchAndShaCheck shasum 99f88931cfc761ec7678b41d5d7336b5b6a07bf4
352 verbose addTmpTarball /tmp/npm-4854-5ce8b9bf/registry.npmjs.org/through2/-/through2-3.0.2.tgz not in flight; adding
353 verbose addTmpTarball already have metadata; skipping unpack for through2@3.0.2
354 silly cache afterAdd through2@3.0.2
355 verbose afterAdd /home/irina/.npm/through2/3.0.2/package/package.json not in flight; writing
356 verbose afterAdd /home/irina/.npm/through2/3.0.2/package/package.json written
357 http fetch 200 https://registry.npmjs.org/postcss/-/postcss-7.0.34.tgz
358 silly fetchAndShaCheck shasum f2baf57c36010df7de4009940f21532c16d65c20
359 verbose addTmpTarball /tmp/npm-4854-5ce8b9bf/registry.npmjs.org/postcss/-/postcss-7.0.34.tgz not in flight; adding
360 verbose addTmpTarball already have metadata; skipping unpack for postcss@7.0.34
361 silly cache afterAdd postcss@7.0.34
362 verbose afterAdd /home/irina/.npm/postcss/7.0.34/package/package.json not in flight; writing
363 verbose afterAdd /home/irina/.npm/postcss/7.0.34/package/package.json written
364 silly fetchNamedPackageData browserslist
365 silly mapToRegistry name browserslist
366 silly mapToRegistry using default registry
367 silly mapToRegistry registry https://registry.npmjs.org/
368 silly mapToRegistry uri https://registry.npmjs.org/browserslist
369 silly fetchNamedPackageData caniuse-lite
370 silly mapToRegistry name caniuse-lite
371 silly mapToRegistry using default registry
372 silly mapToRegistry registry https://registry.npmjs.org/
373 silly mapToRegistry uri https://registry.npmjs.org/caniuse-lite
374 silly fetchNamedPackageData colorette
375 silly mapToRegistry name colorette
376 silly mapToRegistry using default registry
377 silly mapToRegistry registry https://registry.npmjs.org/
378 silly mapToRegistry uri https://registry.npmjs.org/colorette
379 silly fetchNamedPackageData normalize-range
380 silly mapToRegistry name normalize-range
381 silly mapToRegistry using default registry
382 silly mapToRegistry registry https://registry.npmjs.org/
383 silly mapToRegistry uri https://registry.npmjs.org/normalize-range
384 silly fetchNamedPackageData num2fraction
385 silly mapToRegistry name num2fraction
386 silly mapToRegistry using default registry
387 silly mapToRegistry registry https://registry.npmjs.org/
388 silly mapToRegistry uri https://registry.npmjs.org/num2fraction
389 silly fetchNamedPackageData postcss-value-parser
390 silly mapToRegistry name postcss-value-parser
391 silly mapToRegistry using default registry
392 silly mapToRegistry registry https://registry.npmjs.org/
393 silly mapToRegistry uri https://registry.npmjs.org/postcss-value-parser
394 verbose request uri https://registry.npmjs.org/browserslist
395 verbose request no auth needed
396 info attempt registry request try #1 at 22:12:16
397 verbose etag W/"5e3d8d64a6c07b8b2930f24b84e96742"
398 verbose lastModified Wed, 09 Sep 2020 18:48:16 GMT
399 http request GET https://registry.npmjs.org/browserslist
400 verbose request uri https://registry.npmjs.org/colorette
401 verbose request no auth needed
402 info attempt registry request try #1 at 22:12:16
403 verbose etag W/"665ad403f25cfae166255a97f1ef22d0"
404 verbose lastModified Sun, 05 Jul 2020 13:33:21 GMT
405 http request GET https://registry.npmjs.org/colorette
406 verbose request uri https://registry.npmjs.org/caniuse-lite
407 verbose request no auth needed
408 info attempt registry request try #1 at 22:12:16
409 verbose etag W/"373430f54257b2d95390ce9887232095"
410 verbose lastModified Wed, 09 Sep 2020 06:33:12 GMT
411 http request GET https://registry.npmjs.org/caniuse-lite
412 verbose request uri https://registry.npmjs.org/normalize-range
413 verbose request no auth needed
414 info attempt registry request try #1 at 22:12:16
415 verbose etag W/"c3a15e353dc95f29f01c259f8cfdfa65"
416 verbose lastModified Sun, 27 May 2018 10:33:46 GMT
417 http request GET https://registry.npmjs.org/normalize-range
418 verbose request uri https://registry.npmjs.org/num2fraction
419 verbose request no auth needed
420 info attempt registry request try #1 at 22:12:16
421 verbose etag W/"adf3de1622f8077a9b177d97a5c5a292"
422 verbose lastModified Sun, 27 May 2018 10:51:20 GMT
423 http request GET https://registry.npmjs.org/num2fraction
424 http 304 https://registry.npmjs.org/colorette
425 verbose headers { date: 'Fri, 25 Sep 2020 19:12:16 GMT',
425 verbose headers   connection: 'keep-alive',
425 verbose headers   'set-cookie':
425 verbose headers    [ '__cfduid=d41b9fe5cb44a71b1b519cffbd6749df01601061136; expires=Sun, 25-Oct-20 19:12:16 GMT; path=/; domain=.npmjs.org; HttpOnly; SameSite=Lax' ],
425 verbose headers   'cf-ray': '5d870e452e647a64-DME',
425 verbose headers   age: '6687',
425 verbose headers   'cache-control': 'public, max-age=300',
425 verbose headers   etag: '"665ad403f25cfae166255a97f1ef22d0"',
425 verbose headers   'last-modified': 'Sun, 05 Jul 2020 13:33:21 GMT',
425 verbose headers   vary: 'Accept-Encoding',
425 verbose headers   'cf-cache-status': 'HIT',
425 verbose headers   'cf-request-id': '0568473f3500007a6444a5b200000001',
425 verbose headers   'expect-ct': 'max-age=604800, report-uri="https://report-uri.cloudflare.com/cdn-cgi/beacon/expect-ct"',
425 verbose headers   server: 'cloudflare' }
426 silly get cb [ 304,
426 silly get   { date: 'Fri, 25 Sep 2020 19:12:16 GMT',
426 silly get     connection: 'keep-alive',
426 silly get     'set-cookie':
426 silly get      [ '__cfduid=d41b9fe5cb44a71b1b519cffbd6749df01601061136; expires=Sun, 25-Oct-20 19:12:16 GMT; path=/; domain=.npmjs.org; HttpOnly; SameSite=Lax' ],
426 silly get     'cf-ray': '5d870e452e647a64-DME',
426 silly get     age: '6687',
426 silly get     'cache-control': 'public, max-age=300',
426 silly get     etag: '"665ad403f25cfae166255a97f1ef22d0"',
426 silly get     'last-modified': 'Sun, 05 Jul 2020 13:33:21 GMT',
426 silly get     vary: 'Accept-Encoding',
426 silly get     'cf-cache-status': 'HIT',
426 silly get     'cf-request-id': '0568473f3500007a6444a5b200000001',
426 silly get     'expect-ct': 'max-age=604800, report-uri="https://report-uri.cloudflare.com/cdn-cgi/beacon/expect-ct"',
426 silly get     server: 'cloudflare' } ]
427 verbose etag https://registry.npmjs.org/colorette from cache
428 verbose get saving colorette to /home/irina/.npm/registry.npmjs.org/colorette/.cache.json
429 verbose request uri https://registry.npmjs.org/postcss-value-parser
430 verbose request no auth needed
431 info attempt registry request try #1 at 22:12:16
432 verbose etag W/"ed949650f3ce96e09473b4f93ed363cd"
433 verbose lastModified Tue, 28 Apr 2020 14:11:57 GMT
434 http request GET https://registry.npmjs.org/postcss-value-parser
435 verbose stack Error: Missing required argument #1
435 verbose stack     at andLogAndFinish (/usr/share/npm/lib/fetch-package-metadata.js:31:3)
435 verbose stack     at fetchPackageMetadata (/usr/share/npm/lib/fetch-package-metadata.js:51:22)
435 verbose stack     at resolveWithNewModule (/usr/share/npm/lib/install/deps.js:456:12)
435 verbose stack     at /usr/share/npm/lib/install/deps.js:457:7
435 verbose stack     at /usr/share/npm/node_modules/iferr/index.js:13:50
435 verbose stack     at /usr/share/npm/lib/fetch-package-metadata.js:37:12
435 verbose stack     at addRequestedAndFinish (/usr/share/npm/lib/fetch-package-metadata.js:82:5)
435 verbose stack     at returnAndAddMetadata (/usr/share/npm/lib/fetch-package-metadata.js:117:7)
435 verbose stack     at pickVersionFromRegistryDocument (/usr/share/npm/lib/fetch-package-metadata.js:134:20)
435 verbose stack     at /usr/share/npm/node_modules/iferr/index.js:13:50
436 verbose cwd /home/irina/htmlprojects/komod_html
437 error Linux 5.4.0-48-generic
438 error argv "/usr/bin/node" "/usr/bin/npm" "install"
439 error node v8.10.0
440 error npm  v3.5.2
441 error code EMISSINGARG
442 error typeerror Error: Missing required argument #1
442 error typeerror     at andLogAndFinish (/usr/share/npm/lib/fetch-package-metadata.js:31:3)
442 error typeerror     at fetchPackageMetadata (/usr/share/npm/lib/fetch-package-metadata.js:51:22)
442 error typeerror     at resolveWithNewModule (/usr/share/npm/lib/install/deps.js:456:12)
442 error typeerror     at /usr/share/npm/lib/install/deps.js:457:7
442 error typeerror     at /usr/share/npm/node_modules/iferr/index.js:13:50
442 error typeerror     at /usr/share/npm/lib/fetch-package-metadata.js:37:12
442 error typeerror     at addRequestedAndFinish (/usr/share/npm/lib/fetch-package-metadata.js:82:5)
442 error typeerror     at returnAndAddMetadata (/usr/share/npm/lib/fetch-package-metadata.js:117:7)
442 error typeerror     at pickVersionFromRegistryDocument (/usr/share/npm/lib/fetch-package-metadata.js:134:20)
442 error typeerror     at /usr/share/npm/node_modules/iferr/index.js:13:50
443 error typeerror This is an error with npm itself. Please report this error at:
443 error typeerror     <http://github.com/npm/npm/issues>
444 verbose exit [ 1, true ]
